#
# There is insufficient memory for the Java Runtime Environment to continue.
# Native memory allocation (malloc) failed to allocate 1209840 bytes. Error detail: Chunk::new
# Possible reasons:
#   The system is out of physical RAM or swap space
#   This process is running with CompressedOops enabled, and the Java Heap may be blocking the growth of the native heap
# Possible solutions:
#   Reduce memory load on the system
#   Increase physical memory or swap space
#   Check if swap backing store is full
#   Decrease Java heap size (-Xmx/-Xms)
#   Decrease number of Java threads
#   Decrease Java thread stack sizes (-Xss)
#   Set larger code cache with -XX:ReservedCodeCacheSize=
#   JVM is running with Unscaled Compressed Oops mode in which the Java heap is
#     placed in the first 4GB address space. The Java Heap base address is the
#     maximum limit for the native heap growth. Please use -XX:HeapBaseMinAddress
#     to set the Java Heap base and to place the Java Heap above 4GB virtual address.
# This output file may be truncated or incomplete.
#
#  Out of Memory Error (arena.cpp:168), pid=44872, tid=46788
#
# JRE version: OpenJDK Runtime Environment Temurin-21.0.10+7 (21.0.10+7) (build 21.0.10+7-LTS)
# Java VM: OpenJDK 64-Bit Server VM Temurin-21.0.10+7 (21.0.10+7-LTS, mixed mode, sharing, tiered, compressed oops, compressed class ptrs, parallel gc, windows-amd64)
# No core dump will be written. Minidumps are not enabled by default on client versions of Windows
#

---------------  S U M M A R Y ------------

Command Line: --add-modules=ALL-SYSTEM --add-opens=java.base/java.util=ALL-UNNAMED --add-opens=java.base/java.lang=ALL-UNNAMED --add-opens=java.base/sun.nio.fs=ALL-UNNAMED -Declipse.application=org.eclipse.jdt.ls.core.id1 -Dosgi.bundles.defaultStartLevel=4 -Declipse.product=org.eclipse.jdt.ls.core.product -Djava.import.generatesMetadataFilesAtProjectRoot=false -DDetectVMInstallationsJob.disabled=true -Dfile.encoding=utf8 -XX:+UseParallelGC -XX:GCTimeRatio=4 -XX:AdaptiveSizePolicyWeight=90 -Dsun.zip.disableMemoryMapping=true -Xmx2G -Xms100m -Xlog:disable -javaagent:c:\Users\Lenovo\.vscode\extensions\redhat.java-1.54.0-win32-x64\lombok\lombok-1.18.39-4050.jar -XX:+HeapDumpOnOutOfMemoryError -XX:HeapDumpPath=c:\Users\Lenovo\AppData\Roaming\Code\User\workspaceStorage\db63fe3c3f18f4a90f04ba189b111cf4\redhat.java -Daether.dependencyCollector.impl=bf c:\Users\Lenovo\.vscode\extensions\redhat.java-1.54.0-win32-x64\server\plugins\org.eclipse.equinox.launcher_1.7.100.v20251111-0406.jar -configuration c:\Users\Lenovo\AppData\Roaming\Code\User\globalStorage\redhat.java\1.54.0\config_win -data c:\Users\Lenovo\AppData\Roaming\Code\User\workspaceStorage\db63fe3c3f18f4a90f04ba189b111cf4\redhat.java\jdt_ws --pipe=\\.\pipe\lsp-8637e72e4e7c5fc73f72e89670ba6201-sock

Host: Intel(R) Core(TM) i7-14700HX, 28 cores, 13G,  Windows 11 , 64 bit Build 26100 (10.0.26100.8328)
Time: Fri Jun  5 16:49:34 2026 elapsed time: 6.154906 seconds (0d 0h 0m 6s)

---------------  T H R E A D  ---------------

Current thread (0x000002771d6b5050):  JavaThread "C2 CompilerThread1" daemon [_thread_in_native, id=46788, stack(0x000000ddac000000,0x000000ddac100000) (1024K)]


Current CompileTask:
C2:6155 4045       4       org.lombokweb.asm.ClassReader::readMethod (1070 bytes)

Stack: [0x000000ddac000000,0x000000ddac100000]
Native frames: (J=compiled Java code, j=interpreted, Vv=VM code, C=native code)
V  [jvm.dll+0x6d7a39]
V  [jvm.dll+0x8b4b26]
V  [jvm.dll+0x8b70de]
V  [jvm.dll+0x8b77c3]
V  [jvm.dll+0x284346]
V  [jvm.dll+0xc66ed]
V  [jvm.dll+0xc6c31]
V  [jvm.dll+0x3bec3b]
V  [jvm.dll+0x38b162]
V  [jvm.dll+0x38a5aa]
V  [jvm.dll+0x24c560]
V  [jvm.dll+0x24bb40]
V  [jvm.dll+0x1cb34e]
V  [jvm.dll+0x25b85d]
V  [jvm.dll+0x259dea]
V  [jvm.dll+0x3f857e]
V  [jvm.dll+0x85f59d]
V  [jvm.dll+0x6d626d]
C  [ucrtbase.dll+0x37b0]
C  [KERNEL32.DLL+0x2e957]
C  [ntdll.dll+0x427c]


---------------  P R O C E S S  ---------------

Threads class SMR info:
_java_thread_list=0x000002771d93d8a0, length=26, elements={
0x00000276bc51eac0, 0x0000027715692060, 0x0000027715692e80, 0x0000027715697a00,
0x0000027715698790, 0x000002771569d0c0, 0x00000277156a1e50, 0x00000277156a8d10,
0x00000277156b8d20, 0x000002771577a470, 0x0000027715814510, 0x0000027715902860,
0x000002771832ce60, 0x000002771885cc30, 0x0000027715839a90, 0x000002771d112880,
0x000002771d1132f0, 0x000002771d10e200, 0x000002771d7fb7e0, 0x000002771d6b5050,
0x000002771d3a3b40, 0x000002771d252bd0, 0x000002771d254610, 0x000002771d253260,
0x000002771dc7d6f0, 0x000002771dc7ddc0
}

Java Threads: ( => current thread )
  0x00000276bc51eac0 JavaThread "main"                              [_thread_blocked, id=43228, stack(0x000000dda9f00000,0x000000ddaa000000) (1024K)]
  0x0000027715692060 JavaThread "Reference Handler"          daemon [_thread_blocked, id=66388, stack(0x000000ddaa300000,0x000000ddaa400000) (1024K)]
  0x0000027715692e80 JavaThread "Finalizer"                  daemon [_thread_blocked, id=30384, stack(0x000000ddaa400000,0x000000ddaa500000) (1024K)]
  0x0000027715697a00 JavaThread "Signal Dispatcher"          daemon [_thread_blocked, id=27772, stack(0x000000ddaa500000,0x000000ddaa600000) (1024K)]
  0x0000027715698790 JavaThread "Attach Listener"            daemon [_thread_blocked, id=31436, stack(0x000000ddaa600000,0x000000ddaa700000) (1024K)]
  0x000002771569d0c0 JavaThread "Service Thread"             daemon [_thread_blocked, id=59696, stack(0x000000ddaa700000,0x000000ddaa800000) (1024K)]
  0x00000277156a1e50 JavaThread "Monitor Deflation Thread"   daemon [_thread_blocked, id=44612, stack(0x000000ddaa800000,0x000000ddaa900000) (1024K)]
  0x00000277156a8d10 JavaThread "C2 CompilerThread0"         daemon [_thread_in_native, id=12660, stack(0x000000ddaa900000,0x000000ddaaa00000) (1024K)]
  0x00000277156b8d20 JavaThread "C1 CompilerThread0"         daemon [_thread_blocked, id=55612, stack(0x000000ddaaa00000,0x000000ddaab00000) (1024K)]
  0x000002771577a470 JavaThread "C1 CompilerThread1"         daemon [_thread_blocked, id=52184, stack(0x000000ddaab00000,0x000000ddaac00000) (1024K)]
  0x0000027715814510 JavaThread "C1 CompilerThread2"         daemon [_thread_blocked, id=77420, stack(0x000000ddaac00000,0x000000ddaad00000) (1024K)]
  0x0000027715902860 JavaThread "Common-Cleaner"             daemon [_thread_blocked, id=55864, stack(0x000000ddaae00000,0x000000ddaaf00000) (1024K)]
  0x000002771832ce60 JavaThread "Notification Thread"        daemon [_thread_blocked, id=77044, stack(0x000000ddaaf00000,0x000000ddab000000) (1024K)]
  0x000002771885cc30 JavaThread "Active Thread: Equinox Container: 2e25a3d5-deae-4311-b0fd-7f51ef1b0fc6"        [_thread_blocked, id=44920, stack(0x000000ddab700000,0x000000ddab800000) (1024K)]
  0x0000027715839a90 JavaThread "Refresh Thread: Equinox Container: 2e25a3d5-deae-4311-b0fd-7f51ef1b0fc6" daemon [_thread_blocked, id=50072, stack(0x000000ddaad00000,0x000000ddaae00000) (1024K)]
  0x000002771d112880 JavaThread "Framework Event Dispatcher: Equinox Container: 2e25a3d5-deae-4311-b0fd-7f51ef1b0fc6" daemon [_thread_blocked, id=16872, stack(0x000000ddab900000,0x000000ddaba00000) (1024K)]
  0x000002771d1132f0 JavaThread "Start Level: Equinox Container: 2e25a3d5-deae-4311-b0fd-7f51ef1b0fc6" daemon [_thread_in_native, id=77128, stack(0x000000ddaba00000,0x000000ddabb00000) (1024K)]
  0x000002771d10e200 JavaThread "Bundle File Closer"         daemon [_thread_blocked, id=59144, stack(0x000000ddabf00000,0x000000ddac000000) (1024K)]
  0x000002771d7fb7e0 JavaThread "SCR Component Actor"        daemon [_thread_blocked, id=17532, stack(0x000000ddabb00000,0x000000ddabc00000) (1024K)]
=>0x000002771d6b5050 JavaThread "C2 CompilerThread1"         daemon [_thread_in_native, id=46788, stack(0x000000ddac000000,0x000000ddac100000) (1024K)]
  0x000002771d3a3b40 JavaThread "Worker-JM"                         [_thread_blocked, id=37160, stack(0x000000ddac100000,0x000000ddac200000) (1024K)]
  0x000002771d252bd0 JavaThread "Worker-0: Updating Maven Dependencies"        [_thread_blocked, id=74964, stack(0x000000ddac400000,0x000000ddac500000) (1024K)]
  0x000002771d254610 JavaThread "Worker-1: Repository registry initialization"        [_thread_in_native, id=65892, stack(0x000000ddac500000,0x000000ddac600000) (1024K)]
  0x000002771d253260 JavaThread "Worker-2"                          [_thread_blocked, id=10316, stack(0x000000ddac900000,0x000000ddaca00000) (1024K)]
  0x000002771dc7d6f0 JavaThread "C1 CompilerThread3"         daemon [_thread_blocked, id=41340, stack(0x000000ddaca00000,0x000000ddacb00000) (1024K)]
  0x000002771dc7ddc0 JavaThread "C2 CompilerThread2"         daemon [_thread_blocked, id=32088, stack(0x000000ddacc00000,0x000000ddacd00000) (1024K)]
Total: 26

Other Threads:
  0x00000276d2fbd510 VMThread "VM Thread"                           [id=60076, stack(0x000000ddaa200000,0x000000ddaa300000) (1024K)]
  0x00000276d2eac180 WatcherThread "VM Periodic Task Thread"        [id=39928, stack(0x000000ddaa100000,0x000000ddaa200000) (1024K)]
  0x00000276bc53cd50 WorkerThread "GC Thread#0"                     [id=54292, stack(0x000000ddaa000000,0x000000ddaa100000) (1024K)]
  0x00000277187aa860 WorkerThread "GC Thread#1"                     [id=35928, stack(0x000000ddab000000,0x000000ddab100000) (1024K)]
  0x000002771d1af010 WorkerThread "GC Thread#2"                     [id=35972, stack(0x000000ddab100000,0x000000ddab200000) (1024K)]
  0x000002771d1af3c0 WorkerThread "GC Thread#3"                     [id=54392, stack(0x000000ddab200000,0x000000ddab300000) (1024K)]
  0x0000027718a19870 WorkerThread "GC Thread#4"                     [id=55912, stack(0x000000ddab300000,0x000000ddab400000) (1024K)]
  0x0000027718a19c20 WorkerThread "GC Thread#5"                     [id=33800, stack(0x000000ddab400000,0x000000ddab500000) (1024K)]
  0x00000277186c2620 WorkerThread "GC Thread#6"                     [id=69736, stack(0x000000ddab500000,0x000000ddab600000) (1024K)]
  0x000002771d193fc0 WorkerThread "GC Thread#7"                     [id=8888, stack(0x000000ddab800000,0x000000ddab900000) (1024K)]
  0x000002771d25bd40 WorkerThread "GC Thread#8"                     [id=68144, stack(0x000000ddabc00000,0x000000ddabd00000) (1024K)]
  0x000002771d35b250 WorkerThread "GC Thread#9"                     [id=40516, stack(0x000000ddabd00000,0x000000ddabe00000) (1024K)]
  0x000002771d35b600 WorkerThread "GC Thread#10"                    [id=62648, stack(0x000000ddabe00000,0x000000ddabf00000) (1024K)]
  0x000002771d268390 WorkerThread "GC Thread#11"                    [id=16592, stack(0x000000ddab600000,0x000000ddab700000) (1024K)]
  0x000002771d666650 WorkerThread "GC Thread#12"                    [id=51476, stack(0x000000ddac200000,0x000000ddac300000) (1024K)]
  0x000002771d6678c0 WorkerThread "GC Thread#13"                    [id=8556, stack(0x000000ddac300000,0x000000ddac400000) (1024K)]
  0x000002771d665ef0 WorkerThread "GC Thread#14"                    [id=59600, stack(0x000000ddac600000,0x000000ddac700000) (1024K)]
  0x000002771d666db0 WorkerThread "GC Thread#15"                    [id=35472, stack(0x000000ddac700000,0x000000ddac800000) (1024K)]
  0x000002771d667160 WorkerThread "GC Thread#16"                    [id=12448, stack(0x000000ddac800000,0x000000ddac900000) (1024K)]
  0x000002771d667510 WorkerThread "GC Thread#17"                    [id=59172, stack(0x000000ddacb00000,0x000000ddacc00000) (1024K)]
Total: 20

Threads with active compile tasks:
C2 CompilerThread0  6296 4152   !   4       org.eclipse.osgi.internal.loader.classpath.ClasspathManager::findClassImpl (328 bytes)
C2 CompilerThread1  6297 4045       4       org.lombokweb.asm.ClassReader::readMethod (1070 bytes)
Total: 2

VM state: not at safepoint (normal execution)

VM Mutex/Monitor currently owned by a thread: None

Heap address: 0x0000000080000000, size: 2048 MB, Compressed Oops mode: 32-bit

CDS archive(s) mapped at: [0x00000276d3000000-0x00000276d3ba0000-0x00000276d3ba0000), size 12189696, SharedBaseAddress: 0x00000276d3000000, ArchiveRelocationMode: 1.
Compressed class space mapped at: 0x00000276d4000000-0x0000027714000000, reserved size: 1073741824
Narrow klass base: 0x00000276d3000000, Narrow klass shift: 0, Narrow klass range: 0x100000000

GC Precious Log:
 CardTable entry size: 512
 CPUs: 28 total, 28 available
 Memory: 14043M
 Large Page Support: Disabled
 NUMA Support: Disabled
 Compressed Oops: Enabled (32-bit)
 Alignments: Space 512K, Generation 512K, Heap 2M
 Heap Min Capacity: 100M
 Heap Initial Capacity: 100M
 Heap Max Capacity: 2G
 Pre-touch: Disabled
 Parallel Workers: 20

Heap:
 PSYoungGen      total 25600K, used 7518K [0x00000000d5580000, 0x00000000d7380000, 0x0000000100000000)
  eden space 23552K, 25% used [0x00000000d5580000,0x00000000d5b68d28,0x00000000d6c80000)
  from space 2048K, 71% used [0x00000000d6f80000,0x00000000d70eeda0,0x00000000d7180000)
  to   space 2048K, 0% used [0x00000000d7180000,0x00000000d7180000,0x00000000d7380000)
 ParOldGen       total 68608K, used 14170K [0x0000000080000000, 0x0000000084300000, 0x00000000d5580000)
  object space 68608K, 20% used [0x0000000080000000,0x0000000080dd6880,0x0000000084300000)
 Metaspace       used 25917K, committed 26816K, reserved 1114112K
  class space    used 2525K, committed 2944K, reserved 1048576K

Card table byte_map: [0x00000276bbec0000,0x00000276bc2d0000] _byte_map_base: 0x00000276bbac0000

Marking Bits: (ParMarkBitMap*) 0x00007ffad6773450
 Begin Bits: [0x00000276ce9d0000, 0x00000276d09d0000)
 End Bits:   [0x00000276d09d0000, 0x00000276d29d0000)

Polling page: 0x00000276ba6f0000

Metaspace:

Usage:
  Non-class:     22.84 MB used.
      Class:      2.47 MB used.
       Both:     25.31 MB used.

Virtual space:
  Non-class space:       64.00 MB reserved,      23.31 MB ( 36%) committed,  1 nodes.
      Class space:        1.00 GB reserved,       2.88 MB ( <1%) committed,  1 nodes.
             Both:        1.06 GB reserved,      26.19 MB (  2%) committed. 

Chunk freelists:
   Non-Class:  7.92 MB
       Class:  13.06 MB
        Both:  20.98 MB

MaxMetaspaceSize: unlimited
CompressedClassSpaceSize: 1.00 GB
Initial GC threshold: 21.00 MB
Current GC threshold: 35.00 MB
CDS: on
 - commit_granule_bytes: 65536.
 - commit_granule_words: 8192.
 - virtual_space_node_default_size: 8388608.
 - enlarge_chunks_in_place: 1.
 - use_allocation_guard: 0.


Internal statistics:

num_allocs_failed_limit: 3.
num_arena_births: 640.
num_arena_deaths: 14.
num_vsnodes_births: 2.
num_vsnodes_deaths: 0.
num_space_committed: 419.
num_space_uncommitted: 0.
num_chunks_returned_to_freelist: 17.
num_chunks_taken_from_freelist: 1692.
num_chunk_merges: 7.
num_chunk_splits: 1084.
num_chunks_enlarged: 684.
num_inconsistent_stats: 0.

CodeHeap 'non-profiled nmethods': size=119168Kb used=1829Kb max_used=1829Kb free=117338Kb
 bounds [0x00000276c72c0000, 0x00000276c7530000, 0x00000276ce720000]
CodeHeap 'profiled nmethods': size=119104Kb used=9031Kb max_used=9031Kb free=110072Kb
 bounds [0x00000276bf720000, 0x00000276c0000000, 0x00000276c6b70000]
CodeHeap 'non-nmethods': size=7488Kb used=3010Kb max_used=3026Kb free=4477Kb
 bounds [0x00000276c6b70000, 0x00000276c6ef0000, 0x00000276c72c0000]
CodeCache: size=245760Kb, used=13870Kb, max_used=13886Kb, free=231887Kb
 total_blobs=4788, nmethods=4175, adapters=516, full_count=0
Compilation: enabled, stopped_count=0, restarted_count=0

Compilation events (20 events):
Event: 6.139 Thread 0x000002771577a470 nmethod 4086 0x00000276bffaa390 code [0x00000276bffaa540, 0x00000276bffaa688]
Event: 6.139 Thread 0x000002771577a470 4089       3       org.eclipse.core.internal.preferences.PreferencesService::getDefault (20 bytes)
Event: 6.140 Thread 0x000002771577a470 nmethod 4089 0x00000276bffaa710 code [0x00000276bffaa8c0, 0x00000276bffaaab8]
Event: 6.140 Thread 0x000002771577a470 4091       3       org.eclipse.core.internal.preferences.DefaultPreferences::getScopeRelativePath (43 bytes)
Event: 6.140 Thread 0x0000027715814510 nmethod 4088 0x00000276bffaab90 code [0x00000276bffaade0, 0x00000276bffab8a0]
Event: 6.140 Thread 0x0000027715814510 4092       3       org.eclipse.core.internal.preferences.DefaultPreferences::internalPut (66 bytes)
Event: 6.140 Thread 0x000002771577a470 nmethod 4091 0x00000276bffabc90 code [0x00000276bffabea0, 0x00000276bffac458]
Event: 6.140 Thread 0x000002771577a470 4093       3       org.eclipse.core.internal.preferences.DefaultPreferences::isInitializingBundleDefaults (33 bytes)
Event: 6.140 Thread 0x000002771dc7d6f0 nmethod 4087 0x00000276bffac690 code [0x00000276bffac9e0, 0x00000276bffadd80]
Event: 6.140 Thread 0x0000027715814510 nmethod 4092 0x00000276bffae490 code [0x00000276bffae700, 0x00000276bffaf138]
Event: 6.140 Thread 0x000002771dc7d6f0 4090       3       org.eclipse.core.internal.preferences.DefaultPreferences::getLoadLevel (52 bytes)
Event: 6.140 Thread 0x000002771577a470 nmethod 4093 0x00000276bffaf510 code [0x00000276bffaf6e0, 0x00000276bffafae8]
Event: 6.140 Thread 0x0000027715814510 4071       1       org.eclipse.core.internal.jobs.InternalJob::previous (5 bytes)
Event: 6.140 Thread 0x000002771577a470 4073       3       java.util.concurrent.ConcurrentLinkedQueue$Node::<init> (13 bytes)
Event: 6.143 Thread 0x0000027715814510 nmethod 4071 0x00000276c747e310 code [0x00000276c747e4a0, 0x00000276c747e568]
Event: 6.143 Thread 0x0000027715814510 4074       3       java.lang.invoke.VarHandleReferences$FieldInstanceReadWrite::set (35 bytes)
Event: 6.143 Thread 0x000002771dc7d6f0 nmethod 4090 0x00000276bffafc10 code [0x00000276bffafe00, 0x00000276bffb0450]
Event: 6.143 Thread 0x000002771577a470 nmethod 4073 0x00000276bffb0690 code [0x00000276bffb08e0, 0x00000276bffb11d8]
Event: 6.143 Thread 0x0000027715814510 nmethod 4074 0x00000276bffb1510 code [0x00000276bffb1740, 0x00000276bffb1ec8]
Event: 6.144 Thread 0x00000277156b8d20 nmethod 4084 0x00000276bffb2190 code [0x00000276bffb2800, 0x00000276bffb72d0]

GC Heap History (20 events):
Event: 0.597 GC heap before
{Heap before GC invocations=1 (full 0):
 PSYoungGen      total 29696K, used 25600K [0x00000000d5580000, 0x00000000d7680000, 0x0000000100000000)
  eden space 25600K, 100% used [0x00000000d5580000,0x00000000d6e80000,0x00000000d6e80000)
  from space 4096K, 0% used [0x00000000d7280000,0x00000000d7280000,0x00000000d7680000)
  to   space 4096K, 0% used [0x00000000d6e80000,0x00000000d6e80000,0x00000000d7280000)
 ParOldGen       total 68608K, used 0K [0x0000000080000000, 0x0000000084300000, 0x00000000d5580000)
  object space 68608K, 0% used [0x0000000080000000,0x0000000080000000,0x0000000084300000)
 Metaspace       used 4257K, committed 4544K, reserved 1114112K
  class space    used 469K, committed 576K, reserved 1048576K
}
Event: 0.601 GC heap after
{Heap after GC invocations=1 (full 0):
 PSYoungGen      total 29696K, used 3908K [0x00000000d5580000, 0x00000000d7680000, 0x0000000100000000)
  eden space 25600K, 0% used [0x00000000d5580000,0x00000000d5580000,0x00000000d6e80000)
  from space 4096K, 95% used [0x00000000d6e80000,0x00000000d7251000,0x00000000d7280000)
  to   space 4096K, 0% used [0x00000000d7280000,0x00000000d7280000,0x00000000d7680000)
 ParOldGen       total 68608K, used 16K [0x0000000080000000, 0x0000000084300000, 0x00000000d5580000)
  object space 68608K, 0% used [0x0000000080000000,0x0000000080004000,0x0000000084300000)
 Metaspace       used 4257K, committed 4544K, reserved 1114112K
  class space    used 469K, committed 576K, reserved 1048576K
}
Event: 1.084 GC heap before
{Heap before GC invocations=2 (full 0):
 PSYoungGen      total 29696K, used 29508K [0x00000000d5580000, 0x00000000d7680000, 0x0000000100000000)
  eden space 25600K, 100% used [0x00000000d5580000,0x00000000d6e80000,0x00000000d6e80000)
  from space 4096K, 95% used [0x00000000d6e80000,0x00000000d7251000,0x00000000d7280000)
  to   space 4096K, 0% used [0x00000000d7280000,0x00000000d7280000,0x00000000d7680000)
 ParOldGen       total 68608K, used 16K [0x0000000080000000, 0x0000000084300000, 0x00000000d5580000)
  object space 68608K, 0% used [0x0000000080000000,0x0000000080004000,0x0000000084300000)
 Metaspace       used 7854K, committed 8192K, reserved 1114112K
  class space    used 813K, committed 960K, reserved 1048576K
}
Event: 1.089 GC heap after
{Heap after GC invocations=2 (full 0):
 PSYoungGen      total 29696K, used 4065K [0x00000000d5580000, 0x00000000d7680000, 0x0000000100000000)
  eden space 25600K, 0% used [0x00000000d5580000,0x00000000d5580000,0x00000000d6e80000)
  from space 4096K, 99% used [0x00000000d7280000,0x00000000d7678508,0x00000000d7680000)
  to   space 4096K, 0% used [0x00000000d6e80000,0x00000000d6e80000,0x00000000d7280000)
 ParOldGen       total 68608K, used 2141K [0x0000000080000000, 0x0000000084300000, 0x00000000d5580000)
  object space 68608K, 3% used [0x0000000080000000,0x00000000802176b8,0x0000000084300000)
 Metaspace       used 7854K, committed 8192K, reserved 1114112K
  class space    used 813K, committed 960K, reserved 1048576K
}
Event: 1.693 GC heap before
{Heap before GC invocations=3 (full 0):
 PSYoungGen      total 29696K, used 29665K [0x00000000d5580000, 0x00000000d7680000, 0x0000000100000000)
  eden space 25600K, 100% used [0x00000000d5580000,0x00000000d6e80000,0x00000000d6e80000)
  from space 4096K, 99% used [0x00000000d7280000,0x00000000d7678508,0x00000000d7680000)
  to   space 4096K, 0% used [0x00000000d6e80000,0x00000000d6e80000,0x00000000d7280000)
 ParOldGen       total 68608K, used 2141K [0x0000000080000000, 0x0000000084300000, 0x00000000d5580000)
  object space 68608K, 3% used [0x0000000080000000,0x00000000802176b8,0x0000000084300000)
 Metaspace       used 9525K, committed 9856K, reserved 1114112K
  class space    used 1012K, committed 1152K, reserved 1048576K
}
Event: 1.697 GC heap after
{Heap after GC invocations=3 (full 0):
 PSYoungGen      total 29696K, used 4079K [0x00000000d5580000, 0x00000000d7680000, 0x0000000100000000)
  eden space 25600K, 0% used [0x00000000d5580000,0x00000000d5580000,0x00000000d6e80000)
  from space 4096K, 99% used [0x00000000d6e80000,0x00000000d727bf20,0x00000000d7280000)
  to   space 4096K, 0% used [0x00000000d7280000,0x00000000d7280000,0x00000000d7680000)
 ParOldGen       total 68608K, used 4393K [0x0000000080000000, 0x0000000084300000, 0x00000000d5580000)
  object space 68608K, 6% used [0x0000000080000000,0x000000008044a610,0x0000000084300000)
 Metaspace       used 9525K, committed 9856K, reserved 1114112K
  class space    used 1012K, committed 1152K, reserved 1048576K
}
Event: 3.966 GC heap before
{Heap before GC invocations=4 (full 0):
 PSYoungGen      total 29696K, used 29664K [0x00000000d5580000, 0x00000000d7680000, 0x0000000100000000)
  eden space 25600K, 99% used [0x00000000d5580000,0x00000000d6e7c0e0,0x00000000d6e80000)
  from space 4096K, 99% used [0x00000000d6e80000,0x00000000d727bf20,0x00000000d7280000)
  to   space 4096K, 0% used [0x00000000d7280000,0x00000000d7280000,0x00000000d7680000)
 ParOldGen       total 68608K, used 4393K [0x0000000080000000, 0x0000000084300000, 0x00000000d5580000)
  object space 68608K, 6% used [0x0000000080000000,0x000000008044a610,0x0000000084300000)
 Metaspace       used 11328K, committed 11712K, reserved 1114112K
  class space    used 1187K, committed 1344K, reserved 1048576K
}
Event: 3.970 GC heap after
{Heap after GC invocations=4 (full 0):
 PSYoungGen      total 29696K, used 4093K [0x00000000d5580000, 0x00000000d7680000, 0x0000000100000000)
  eden space 25600K, 0% used [0x00000000d5580000,0x00000000d5580000,0x00000000d6e80000)
  from space 4096K, 99% used [0x00000000d7280000,0x00000000d767f5a0,0x00000000d7680000)
  to   space 4096K, 0% used [0x00000000d6e80000,0x00000000d6e80000,0x00000000d7280000)
 ParOldGen       total 68608K, used 6873K [0x0000000080000000, 0x0000000084300000, 0x00000000d5580000)
  object space 68608K, 10% used [0x0000000080000000,0x00000000806b6728,0x0000000084300000)
 Metaspace       used 11328K, committed 11712K, reserved 1114112K
  class space    used 1187K, committed 1344K, reserved 1048576K
}
Event: 4.347 GC heap before
{Heap before GC invocations=5 (full 0):
 PSYoungGen      total 29696K, used 29693K [0x00000000d5580000, 0x00000000d7680000, 0x0000000100000000)
  eden space 25600K, 100% used [0x00000000d5580000,0x00000000d6e80000,0x00000000d6e80000)
  from space 4096K, 99% used [0x00000000d7280000,0x00000000d767f5a0,0x00000000d7680000)
  to   space 4096K, 0% used [0x00000000d6e80000,0x00000000d6e80000,0x00000000d7280000)
 ParOldGen       total 68608K, used 6873K [0x0000000080000000, 0x0000000084300000, 0x00000000d5580000)
  object space 68608K, 10% used [0x0000000080000000,0x00000000806b6728,0x0000000084300000)
 Metaspace       used 15327K, committed 15936K, reserved 1114112K
  class space    used 1585K, committed 1856K, reserved 1048576K
}
Event: 4.350 GC heap after
{Heap after GC invocations=5 (full 0):
 PSYoungGen      total 29184K, used 4069K [0x00000000d5580000, 0x00000000d7a00000, 0x0000000100000000)
  eden space 25088K, 0% used [0x00000000d5580000,0x00000000d5580000,0x00000000d6e00000)
  from space 4096K, 99% used [0x00000000d6e80000,0x00000000d72795b8,0x00000000d7280000)
  to   space 6144K, 0% used [0x00000000d7400000,0x00000000d7400000,0x00000000d7a00000)
 ParOldGen       total 68608K, used 7929K [0x0000000080000000, 0x0000000084300000, 0x00000000d5580000)
  object space 68608K, 11% used [0x0000000080000000,0x00000000807be748,0x0000000084300000)
 Metaspace       used 15327K, committed 15936K, reserved 1114112K
  class space    used 1585K, committed 1856K, reserved 1048576K
}
Event: 4.684 GC heap before
{Heap before GC invocations=6 (full 0):
 PSYoungGen      total 29184K, used 29157K [0x00000000d5580000, 0x00000000d7a00000, 0x0000000100000000)
  eden space 25088K, 100% used [0x00000000d5580000,0x00000000d6e00000,0x00000000d6e00000)
  from space 4096K, 99% used [0x00000000d6e80000,0x00000000d72795b8,0x00000000d7280000)
  to   space 6144K, 0% used [0x00000000d7400000,0x00000000d7400000,0x00000000d7a00000)
 ParOldGen       total 68608K, used 7929K [0x0000000080000000, 0x0000000084300000, 0x00000000d5580000)
  object space 68608K, 11% used [0x0000000080000000,0x00000000807be748,0x0000000084300000)
 Metaspace       used 18039K, committed 18752K, reserved 1114112K
  class space    used 1885K, committed 2176K, reserved 1048576K
}
Event: 4.688 GC heap after
{Heap after GC invocations=6 (full 0):
 PSYoungGen      total 30208K, used 5356K [0x00000000d5580000, 0x00000000d7980000, 0x0000000100000000)
  eden space 24576K, 0% used [0x00000000d5580000,0x00000000d5580000,0x00000000d6d80000)
  from space 5632K, 95% used [0x00000000d7400000,0x00000000d793b3c8,0x00000000d7980000)
  to   space 5632K, 0% used [0x00000000d6e80000,0x00000000d6e80000,0x00000000d7400000)
 ParOldGen       total 68608K, used 7937K [0x0000000080000000, 0x0000000084300000, 0x00000000d5580000)
  object space 68608K, 11% used [0x0000000080000000,0x00000000807c0748,0x0000000084300000)
 Metaspace       used 18039K, committed 18752K, reserved 1114112K
  class space    used 1885K, committed 2176K, reserved 1048576K
}
Event: 4.883 GC heap before
{Heap before GC invocations=7 (full 0):
 PSYoungGen      total 30208K, used 27179K [0x00000000d5580000, 0x00000000d7980000, 0x0000000100000000)
  eden space 24576K, 88% used [0x00000000d5580000,0x00000000d6acf9a0,0x00000000d6d80000)
  from space 5632K, 95% used [0x00000000d7400000,0x00000000d793b3c8,0x00000000d7980000)
  to   space 5632K, 0% used [0x00000000d6e80000,0x00000000d6e80000,0x00000000d7400000)
 ParOldGen       total 68608K, used 7937K [0x0000000080000000, 0x0000000084300000, 0x00000000d5580000)
  object space 68608K, 11% used [0x0000000080000000,0x00000000807c0748,0x0000000084300000)
 Metaspace       used 20715K, committed 21504K, reserved 1114112K
  class space    used 2143K, committed 2432K, reserved 1048576K
}
Event: 4.886 GC heap after
{Heap after GC invocations=7 (full 0):
 PSYoungGen      total 29184K, used 4369K [0x00000000d5580000, 0x00000000d7780000, 0x0000000100000000)
  eden space 24576K, 0% used [0x00000000d5580000,0x00000000d5580000,0x00000000d6d80000)
  from space 4608K, 94% used [0x00000000d6e80000,0x00000000d72c47e8,0x00000000d7300000)
  to   space 4608K, 0% used [0x00000000d7300000,0x00000000d7300000,0x00000000d7780000)
 ParOldGen       total 68608K, used 9631K [0x0000000080000000, 0x0000000084300000, 0x00000000d5580000)
  object space 68608K, 14% used [0x0000000080000000,0x0000000080967f50,0x0000000084300000)
 Metaspace       used 20715K, committed 21504K, reserved 1114112K
  class space    used 2143K, committed 2432K, reserved 1048576K
}
Event: 4.886 GC heap before
{Heap before GC invocations=8 (full 1):
 PSYoungGen      total 29184K, used 4369K [0x00000000d5580000, 0x00000000d7780000, 0x0000000100000000)
  eden space 24576K, 0% used [0x00000000d5580000,0x00000000d5580000,0x00000000d6d80000)
  from space 4608K, 94% used [0x00000000d6e80000,0x00000000d72c47e8,0x00000000d7300000)
  to   space 4608K, 0% used [0x00000000d7300000,0x00000000d7300000,0x00000000d7780000)
 ParOldGen       total 68608K, used 9631K [0x0000000080000000, 0x0000000084300000, 0x00000000d5580000)
  object space 68608K, 14% used [0x0000000080000000,0x0000000080967f50,0x0000000084300000)
 Metaspace       used 20715K, committed 21504K, reserved 1114112K
  class space    used 2143K, committed 2432K, reserved 1048576K
}
Event: 4.909 GC heap after
{Heap after GC invocations=8 (full 1):
 PSYoungGen      total 29184K, used 0K [0x00000000d5580000, 0x00000000d7780000, 0x0000000100000000)
  eden space 24576K, 0% used [0x00000000d5580000,0x00000000d5580000,0x00000000d6d80000)
  from space 4608K, 0% used [0x00000000d6e80000,0x00000000d6e80000,0x00000000d7300000)
  to   space 4608K, 0% used [0x00000000d7300000,0x00000000d7300000,0x00000000d7780000)
 ParOldGen       total 68608K, used 13372K [0x0000000080000000, 0x0000000084300000, 0x00000000d5580000)
  object space 68608K, 19% used [0x0000000080000000,0x0000000080d0f370,0x0000000084300000)
 Metaspace       used 20702K, committed 21504K, reserved 1114112K
  class space    used 2140K, committed 2432K, reserved 1048576K
}
Event: 5.035 GC heap before
{Heap before GC invocations=9 (full 1):
 PSYoungGen      total 29184K, used 24576K [0x00000000d5580000, 0x00000000d7780000, 0x0000000100000000)
  eden space 24576K, 100% used [0x00000000d5580000,0x00000000d6d80000,0x00000000d6d80000)
  from space 4608K, 0% used [0x00000000d6e80000,0x00000000d6e80000,0x00000000d7300000)
  to   space 4608K, 0% used [0x00000000d7300000,0x00000000d7300000,0x00000000d7780000)
 ParOldGen       total 68608K, used 13372K [0x0000000080000000, 0x0000000084300000, 0x00000000d5580000)
  object space 68608K, 19% used [0x0000000080000000,0x0000000080d0f370,0x0000000084300000)
 Metaspace       used 23347K, committed 24192K, reserved 1114112K
  class space    used 2319K, committed 2688K, reserved 1048576K
}
Event: 5.036 GC heap after
{Heap after GC invocations=9 (full 1):
 PSYoungGen      total 24576K, used 352K [0x00000000d5580000, 0x00000000d7380000, 0x0000000100000000)
  eden space 24064K, 0% used [0x00000000d5580000,0x00000000d5580000,0x00000000d6d00000)
  from space 512K, 68% used [0x00000000d7300000,0x00000000d7358000,0x00000000d7380000)
  to   space 2048K, 0% used [0x00000000d6f80000,0x00000000d6f80000,0x00000000d7180000)
 ParOldGen       total 68608K, used 13380K [0x0000000080000000, 0x0000000084300000, 0x00000000d5580000)
  object space 68608K, 19% used [0x0000000080000000,0x0000000080d11370,0x0000000084300000)
 Metaspace       used 23347K, committed 24192K, reserved 1114112K
  class space    used 2319K, committed 2688K, reserved 1048576K
}
Event: 6.141 GC heap before
{Heap before GC invocations=10 (full 1):
 PSYoungGen      total 24576K, used 24416K [0x00000000d5580000, 0x00000000d7380000, 0x0000000100000000)
  eden space 24064K, 100% used [0x00000000d5580000,0x00000000d6d00000,0x00000000d6d00000)
  from space 512K, 68% used [0x00000000d7300000,0x00000000d7358000,0x00000000d7380000)
  to   space 2048K, 0% used [0x00000000d6f80000,0x00000000d6f80000,0x00000000d7180000)
 ParOldGen       total 68608K, used 13380K [0x0000000080000000, 0x0000000084300000, 0x00000000d5580000)
  object space 68608K, 19% used [0x0000000080000000,0x0000000080d11370,0x0000000084300000)
 Metaspace       used 25262K, committed 26112K, reserved 1114112K
  class space    used 2454K, committed 2816K, reserved 1048576K
}
Event: 6.142 GC heap after
{Heap after GC invocations=10 (full 1):
 PSYoungGen      total 25600K, used 1467K [0x00000000d5580000, 0x00000000d7380000, 0x0000000100000000)
  eden space 23552K, 0% used [0x00000000d5580000,0x00000000d5580000,0x00000000d6c80000)
  from space 2048K, 71% used [0x00000000d6f80000,0x00000000d70eeda0,0x00000000d7180000)
  to   space 2048K, 0% used [0x00000000d7180000,0x00000000d7180000,0x00000000d7380000)
 ParOldGen       total 68608K, used 14170K [0x0000000080000000, 0x0000000084300000, 0x00000000d5580000)
  object space 68608K, 20% used [0x0000000080000000,0x0000000080dd6880,0x0000000084300000)
 Metaspace       used 25262K, committed 26112K, reserved 1114112K
  class space    used 2454K, committed 2816K, reserved 1048576K
}

Dll operation events (11 events):
Event: 0.013 Loaded shared library c:\Users\Lenovo\.vscode\extensions\redhat.java-1.54.0-win32-x64\jre\21.0.10-win32-x86_64\bin\java.dll
Event: 0.036 Loaded shared library c:\Users\Lenovo\.vscode\extensions\redhat.java-1.54.0-win32-x64\jre\21.0.10-win32-x86_64\bin\zip.dll
Event: 0.079 Loaded shared library C:\Users\Lenovo\.vscode\extensions\redhat.java-1.54.0-win32-x64\jre\21.0.10-win32-x86_64\bin\instrument.dll
Event: 0.084 Loaded shared library C:\Users\Lenovo\.vscode\extensions\redhat.java-1.54.0-win32-x64\jre\21.0.10-win32-x86_64\bin\net.dll
Event: 0.088 Loaded shared library C:\Users\Lenovo\.vscode\extensions\redhat.java-1.54.0-win32-x64\jre\21.0.10-win32-x86_64\bin\nio.dll
Event: 0.092 Loaded shared library C:\Users\Lenovo\.vscode\extensions\redhat.java-1.54.0-win32-x64\jre\21.0.10-win32-x86_64\bin\zip.dll
Event: 0.108 Loaded shared library C:\Users\Lenovo\.vscode\extensions\redhat.java-1.54.0-win32-x64\jre\21.0.10-win32-x86_64\bin\jimage.dll
Event: 0.213 Loaded shared library c:\Users\Lenovo\.vscode\extensions\redhat.java-1.54.0-win32-x64\jre\21.0.10-win32-x86_64\bin\verify.dll
Event: 1.432 Loaded shared library C:\Users\Lenovo\AppData\Roaming\Code\User\globalStorage\redhat.java\1.54.0\config_win\org.eclipse.equinox.launcher\org.eclipse.equinox.launcher.win32.win32.x86_64_1.3.0.v20260203-2149\eclipse_11919.dll
Event: 4.323 Loaded shared library C:\Users\Lenovo\.vscode\extensions\redhat.java-1.54.0-win32-x64\jre\21.0.10-win32-x86_64\bin\management.dll
Event: 4.327 Loaded shared library C:\Users\Lenovo\.vscode\extensions\redhat.java-1.54.0-win32-x64\jre\21.0.10-win32-x86_64\bin\management_ext.dll

Deoptimization events (20 events):
Event: 4.737 Thread 0x000002771d1132f0 DEOPT PACKING pc=0x00000276c740c968 sp=0x000000ddabaf3170
Event: 4.737 Thread 0x000002771d1132f0 DEOPT UNPACKING pc=0x00000276c6bc3aa2 sp=0x000000ddabaf30f8 mode 2
Event: 4.839 Thread 0x000002771d1132f0 Uncommon trap: trap_request=0xffffff45 fr.pc=0x00000276c741e704 relative=0x0000000000001024
Event: 4.839 Thread 0x000002771d1132f0 Uncommon trap: reason=unstable_if action=reinterpret pc=0x00000276c741e704 method=jdk.internal.org.objectweb.asm.Frame.execute(IILjdk/internal/org/objectweb/asm/Symbol;Ljdk/internal/org/objectweb/asm/SymbolTable;)V @ 1 c2
Event: 4.839 Thread 0x000002771d1132f0 DEOPT PACKING pc=0x00000276c741e704 sp=0x000000ddabaf8310
Event: 4.839 Thread 0x000002771d1132f0 DEOPT UNPACKING pc=0x00000276c6bc3aa2 sp=0x000000ddabaf8298 mode 2
Event: 4.916 Thread 0x000002771d1132f0 Uncommon trap: trap_request=0xffffff45 fr.pc=0x00000276c746ab20 relative=0x00000000000008a0
Event: 4.916 Thread 0x000002771d1132f0 Uncommon trap: reason=unstable_if action=reinterpret pc=0x00000276c746ab20 method=org.lombokweb.asm.ClassReader.readUTF8(I[C)Ljava/lang/String; @ 11 c2
Event: 4.916 Thread 0x000002771d1132f0 DEOPT PACKING pc=0x00000276c746ab20 sp=0x000000ddabaef9e0
Event: 4.916 Thread 0x000002771d1132f0 DEOPT UNPACKING pc=0x00000276c6bc3aa2 sp=0x000000ddabaef9e8 mode 2
Event: 5.005 Thread 0x000002771d1132f0 DEOPT PACKING pc=0x00000276bfd5d639 sp=0x000000ddabaf0ad0
Event: 5.005 Thread 0x000002771d1132f0 DEOPT UNPACKING pc=0x00000276c6bc4242 sp=0x000000ddabaeffd0 mode 0
Event: 5.051 Thread 0x000002771d1132f0 Uncommon trap: trap_request=0xffffff45 fr.pc=0x00000276c747616c relative=0x000000000000014c
Event: 5.051 Thread 0x000002771d1132f0 Uncommon trap: reason=unstable_if action=reinterpret pc=0x00000276c747616c method=org.lombokweb.asm.ByteVector.putByteArray([BII)Lorg/lombokweb/asm/ByteVector; @ 20 c2
Event: 5.051 Thread 0x000002771d1132f0 DEOPT PACKING pc=0x00000276c747616c sp=0x000000ddabaf2b70
Event: 5.051 Thread 0x000002771d1132f0 DEOPT UNPACKING pc=0x00000276c6bc3aa2 sp=0x000000ddabaf2b40 mode 2
Event: 5.051 Thread 0x000002771d1132f0 Uncommon trap: trap_request=0xffffff45 fr.pc=0x00000276c7475aa4 relative=0x0000000000000364
Event: 5.051 Thread 0x000002771d1132f0 Uncommon trap: reason=unstable_if action=reinterpret pc=0x00000276c7475aa4 method=org.lombokweb.asm.Label.resolve([BLorg/lombokweb/asm/ByteVector;I)Z @ 81 c2
Event: 5.051 Thread 0x000002771d1132f0 DEOPT PACKING pc=0x00000276c7475aa4 sp=0x000000ddabaf2c00
Event: 5.051 Thread 0x000002771d1132f0 DEOPT UNPACKING pc=0x00000276c6bc3aa2 sp=0x000000ddabaf2b08 mode 2

Classes loaded (20 events):
Event: 4.848 Loading class java/util/zip/GZIPInputStream
Event: 4.848 Loading class java/util/zip/GZIPInputStream done
Event: 4.866 Loading class java/io/StringReader
Event: 4.866 Loading class java/io/StringReader done
Event: 4.869 Loading class java/net/SocketTimeoutException
Event: 4.869 Loading class java/io/InterruptedIOException
Event: 4.869 Loading class java/io/InterruptedIOException done
Event: 4.869 Loading class java/net/SocketTimeoutException done
Event: 4.869 Loading class java/net/SocketException
Event: 4.869 Loading class java/net/SocketException done
Event: 4.869 Loading class java/net/UnknownHostException
Event: 4.869 Loading class java/net/UnknownHostException done
Event: 4.869 Loading class java/net/ProtocolException
Event: 4.869 Loading class java/net/ProtocolException done
Event: 4.879 Loading class java/lang/ThreadLocal$SuppliedThreadLocal
Event: 4.879 Loading class java/lang/ThreadLocal$SuppliedThreadLocal done
Event: 4.882 Loading class java/io/FileWriter
Event: 4.882 Loading class java/io/FileWriter done
Event: 4.911 Loading class java/lang/NegativeArraySizeException
Event: 4.911 Loading class java/lang/NegativeArraySizeException done

Classes unloaded (7 events):
Event: 4.891 Thread 0x00000276d2fbd510 Unloading class 0x00000276d41aa800 'java/lang/invoke/LambdaForm$MH+0x00000276d41aa800'
Event: 4.891 Thread 0x00000276d2fbd510 Unloading class 0x00000276d41aa400 'java/lang/invoke/LambdaForm$MH+0x00000276d41aa400'
Event: 4.891 Thread 0x00000276d2fbd510 Unloading class 0x00000276d41aa000 'java/lang/invoke/LambdaForm$MH+0x00000276d41aa000'
Event: 4.891 Thread 0x00000276d2fbd510 Unloading class 0x00000276d41a9c00 'java/lang/invoke/LambdaForm$MH+0x00000276d41a9c00'
Event: 4.891 Thread 0x00000276d2fbd510 Unloading class 0x00000276d41a9800 'java/lang/invoke/LambdaForm$BMH+0x00000276d41a9800'
Event: 4.891 Thread 0x00000276d2fbd510 Unloading class 0x00000276d41a9400 'java/lang/invoke/LambdaForm$DMH+0x00000276d41a9400'
Event: 4.891 Thread 0x00000276d2fbd510 Unloading class 0x00000276d41a8400 'java/lang/invoke/LambdaForm$DMH+0x00000276d41a8400'

Classes redefined (0 events):
No events

Internal exceptions (20 events):
Event: 4.389 Thread 0x000002771d1132f0 Exception <a 'java/lang/NoSuchMethodError'{0x00000000d58f9b20}: 'java.lang.Object java.lang.invoke.Invokers$Holder.linkToTargetMethod(java.lang.Object, java.lang.Object, long, java.lang.Object)'> (0x00000000d58f9b20) 
thrown [s\src\hotspot\share\interpreter\linkResolver.cpp, line 773]
Event: 4.404 Thread 0x000002771d1132f0 Exception <a 'java/lang/IncompatibleClassChangeError'{0x00000000d5a2cf28}: Found class java.lang.Object, but interface was expected> (0x00000000d5a2cf28) 
thrown [s\src\hotspot\share\interpreter\linkResolver.cpp, line 840]
Event: 4.405 Thread 0x000002771d1132f0 Exception <a 'java/lang/NoSuchMethodError'{0x00000000d5a30a38}: 'java.lang.Object java.lang.invoke.DirectMethodHandle$Holder.invokeSpecial(java.lang.Object, java.lang.Object, java.lang.Object, int, java.lang.Object, java.lang.Object)'> (0x00000000d5a30a38) 
thrown [s\src\hotspot\share\interpreter\linkResolver.cpp, line 773]
Event: 4.406 Thread 0x000002771d1132f0 Exception <a 'java/lang/NoSuchMethodError'{0x00000000d5a38450}: 'java.lang.Object java.lang.invoke.DirectMethodHandle$Holder.newInvokeSpecial(java.lang.Object, java.lang.Object, java.lang.Object, int, java.lang.Object)'> (0x00000000d5a38450) 
thrown [s\src\hotspot\share\interpreter\linkResolver.cpp, line 773]
Event: 4.406 Thread 0x000002771d1132f0 Exception <a 'java/lang/NoSuchMethodError'{0x00000000d5a3c3d0}: 'java.lang.Object java.lang.invoke.DirectMethodHandle$Holder.invokeSpecial(java.lang.Object, java.lang.Object, java.lang.Object, java.lang.Object, int, java.lang.Object)'> (0x00000000d5a3c3d0) 
thrown [s\src\hotspot\share\interpreter\linkResolver.cpp, line 773]
Event: 4.406 Thread 0x000002771d1132f0 Exception <a 'java/lang/NoSuchMethodError'{0x00000000d5a3ff10}: 'java.lang.Object java.lang.invoke.Invokers$Holder.linkToTargetMethod(java.lang.Object, java.lang.Object, int, java.lang.Object, java.lang.Object)'> (0x00000000d5a3ff10) 
thrown [s\src\hotspot\share\interpreter\linkResolver.cpp, line 773]
Event: 4.407 Thread 0x000002771d252bd0 Exception <a 'java/lang/NoSuchMethodError'{0x00000000d593af58}: 'java.lang.Object java.lang.invoke.DirectMethodHandle$Holder.invokeSpecial(java.lang.Object, java.lang.Object, int, java.lang.Object, java.lang.Object)'> (0x00000000d593af58) 
thrown [s\src\hotspot\share\interpreter\linkResolver.cpp, line 773]
Event: 4.417 Thread 0x000002771d1132f0 Exception <a 'java/lang/NoSuchMethodError'{0x00000000d5b7e3f8}: 'void java.lang.invoke.DirectMethodHandle$Holder.invokeSpecial(java.lang.Object, java.lang.Object, java.lang.Object, java.lang.Object, java.lang.Object)'> (0x00000000d5b7e3f8) 
thrown [s\src\hotspot\share\interpreter\linkResolver.cpp, line 773]
Event: 4.559 Thread 0x000002771d1132f0 Exception <a 'java/lang/NoSuchMethodError'{0x00000000d634df20}: 'java.lang.Object java.lang.invoke.DirectMethodHandle$Holder.invokeInterface(java.lang.Object, java.lang.Object, java.lang.Object)'> (0x00000000d634df20) 
thrown [s\src\hotspot\share\interpreter\linkResolver.cpp, line 773]
Event: 4.611 Thread 0x000002771d1132f0 Exception <a 'java/lang/NoSuchMethodError'{0x00000000d67cf868}: 'java.lang.Object java.lang.invoke.Invokers$Holder.linkToTargetMethod(java.lang.Object, long, java.lang.Object, java.lang.Object)'> (0x00000000d67cf868) 
thrown [s\src\hotspot\share\interpreter\linkResolver.cpp, line 773]
Event: 4.700 Thread 0x000002771d1132f0 Exception <a 'java/io/FileNotFoundException'{0x00000000d5747998}> (0x00000000d5747998) 
thrown [s\src\hotspot\share\prims\jni.cpp, line 520]
Event: 4.701 Thread 0x000002771d1132f0 Exception <a 'java/lang/NoSuchMethodError'{0x00000000d57500c0}: 'java.lang.Object java.lang.invoke.DirectMethodHandle$Holder.newInvokeSpecial(java.lang.Object, int, java.lang.Object, java.lang.Object)'> (0x00000000d57500c0) 
thrown [s\src\hotspot\share\interpreter\linkResolver.cpp, line 773]
Event: 4.839 Thread 0x000002771d1132f0 Exception <a 'java/lang/NoSuchMethodError'{0x00000000d65a74e0}: 'double java.lang.invoke.DirectMethodHandle$Holder.invokeStatic(java.lang.Object, java.lang.Object)'> (0x00000000d65a74e0) 
thrown [s\src\hotspot\share\interpreter\linkResolver.cpp, line 773]
Event: 4.840 Thread 0x000002771d1132f0 Exception <a 'java/lang/NoSuchMethodError'{0x00000000d65aab70}: 'double java.lang.invoke.DirectMethodHandle$Holder.invokeStaticInit(java.lang.Object, java.lang.Object)'> (0x00000000d65aab70) 
thrown [s\src\hotspot\share\interpreter\linkResolver.cpp, line 773]
Event: 4.947 Thread 0x000002771d1132f0 Exception <a 'java/io/FileNotFoundException'{0x00000000d61445d8}> (0x00000000d61445d8) 
thrown [s\src\hotspot\share\prims\jni.cpp, line 520]
Event: 4.948 Thread 0x000002771d1132f0 Exception <a 'java/io/FileNotFoundException'{0x00000000d61456d8}> (0x00000000d61456d8) 
thrown [s\src\hotspot\share\prims\jni.cpp, line 520]
Event: 4.949 Thread 0x000002771d1132f0 Exception <a 'java/io/FileNotFoundException'{0x00000000d61468c8}> (0x00000000d61468c8) 
thrown [s\src\hotspot\share\prims\jni.cpp, line 520]
Event: 5.027 Thread 0x000002771d1132f0 Exception <a 'java/lang/NoSuchMethodError'{0x00000000d6caba20}: 'int java.lang.invoke.DirectMethodHandle$Holder.invokeStaticInit(java.lang.Object, java.lang.Object, java.lang.Object)'> (0x00000000d6caba20) 
thrown [s\src\hotspot\share\interpreter\linkResolver.cpp, line 773]
Event: 5.051 Thread 0x000002771d1132f0 Implicit null exception at 0x00000276c7476075 to 0x00000276c7476150
Event: 5.119 Thread 0x000002771d1132f0 Exception <a 'java/io/FileNotFoundException'{0x00000000d61d9938}> (0x00000000d61d9938) 
thrown [s\src\hotspot\share\prims\jni.cpp, line 520]

ZGC Phase Switch (0 events):
No events

VM Operations (20 events):
Event: 4.362 Executing non-safepoint VM operation: HandshakeAllThreads (Deoptimize)
Event: 4.362 Executing non-safepoint VM operation: HandshakeAllThreads (Deoptimize) done
Event: 4.464 Executing non-safepoint VM operation: HandshakeAllThreads (Deoptimize)
Event: 4.464 Executing non-safepoint VM operation: HandshakeAllThreads (Deoptimize) done
Event: 4.528 Executing non-safepoint VM operation: HandshakeAllThreads (Deoptimize)
Event: 4.528 Executing non-safepoint VM operation: HandshakeAllThreads (Deoptimize) done
Event: 4.535 Executing non-safepoint VM operation: HandshakeAllThreads (Deoptimize)
Event: 4.535 Executing non-safepoint VM operation: HandshakeAllThreads (Deoptimize) done
Event: 4.555 Executing non-safepoint VM operation: HandshakeAllThreads (Deoptimize)
Event: 4.555 Executing non-safepoint VM operation: HandshakeAllThreads (Deoptimize) done
Event: 4.583 Executing safepoint VM operation: ICBufferFull
Event: 4.584 Executing safepoint VM operation: ICBufferFull done
Event: 4.684 Executing safepoint VM operation: ParallelGCFailedAllocation (Allocation Failure)
Event: 4.688 Executing safepoint VM operation: ParallelGCFailedAllocation (Allocation Failure) done
Event: 4.883 Executing safepoint VM operation: CollectForMetadataAllocation (Metadata GC Threshold)
Event: 4.909 Executing safepoint VM operation: CollectForMetadataAllocation (Metadata GC Threshold) done
Event: 5.035 Executing safepoint VM operation: ParallelGCFailedAllocation (Allocation Failure)
Event: 5.036 Executing safepoint VM operation: ParallelGCFailedAllocation (Allocation Failure) done
Event: 6.141 Executing safepoint VM operation: ParallelGCFailedAllocation (Allocation Failure)
Event: 6.143 Executing safepoint VM operation: ParallelGCFailedAllocation (Allocation Failure) done

Memory protections (0 events):
No events

Nmethod flushes (0 events):
No events

Events (20 events):
Event: 0.066 Thread 0x00000277156b8d20 Thread added: 0x0000027715818fc0
Event: 0.080 Thread 0x00000276bc51eac0 Thread added: 0x0000027715902860
Event: 0.365 Thread 0x00000276bc51eac0 Thread added: 0x000002771832ce60
Event: 0.707 Thread 0x000002771577a470 Thread added: 0x000002771892deb0
Event: 1.015 Thread 0x00000276bc51eac0 Thread added: 0x000002771885cc30
Event: 1.382 Thread 0x0000027715818fc0 Thread exited: 0x0000027715818fc0
Event: 1.422 Thread 0x00000276bc51eac0 Thread added: 0x0000027715839a90
Event: 1.449 Thread 0x0000027715839a90 Thread added: 0x000002771d112880
Event: 1.451 Thread 0x00000276bc51eac0 Thread added: 0x000002771d1132f0
Event: 1.551 Thread 0x0000027715814510 Thread added: 0x000002771d2af5a0
Event: 1.831 Thread 0x000002771d1132f0 Thread added: 0x000002771d10e200
Event: 2.197 Thread 0x000002771d2af5a0 Thread exited: 0x000002771d2af5a0
Event: 3.367 Thread 0x000002771892deb0 Thread exited: 0x000002771892deb0
Event: 3.976 Thread 0x000002771d1132f0 Thread added: 0x000002771d7fb7e0
Event: 4.031 Thread 0x00000277156a8d10 Thread added: 0x000002771d6b5050
Event: 4.189 Thread 0x000002771d1132f0 Thread added: 0x000002771d3a3b40
Event: 4.392 Thread 0x000002771d1132f0 Thread added: 0x000002771d252bd0
Event: 4.407 Thread 0x000002771d1132f0 Thread added: 0x000002771d254610
Event: 6.137 Thread 0x000002771d252bd0 Thread added: 0x000002771d253260
Event: 6.139 Thread 0x00000277156b8d20 Thread added: 0x000002771dc7d6f0


Dynamic libraries:
0x00007ff790330000 - 0x00007ff79033e000 	c:\Users\Lenovo\.vscode\extensions\redhat.java-1.54.0-win32-x64\jre\21.0.10-win32-x86_64\bin\java.exe
0x00007ffc25200000 - 0x00007ffc25467000 	C:\WINDOWS\SYSTEM32\ntdll.dll
0x00007ffc24810000 - 0x00007ffc248d9000 	C:\WINDOWS\System32\KERNEL32.DLL
0x00007ffc22100000 - 0x00007ffc224f7000 	C:\WINDOWS\System32\KERNELBASE.dll
0x00007ffc22500000 - 0x00007ffc2264b000 	C:\WINDOWS\System32\ucrtbase.dll
0x00007ffc173b0000 - 0x00007ffc173c8000 	c:\Users\Lenovo\.vscode\extensions\redhat.java-1.54.0-win32-x64\jre\21.0.10-win32-x86_64\bin\jli.dll
0x00007ffc17320000 - 0x00007ffc1733e000 	c:\Users\Lenovo\.vscode\extensions\redhat.java-1.54.0-win32-x64\jre\21.0.10-win32-x86_64\bin\VCRUNTIME140.dll
0x00007ffc24900000 - 0x00007ffc24ac6000 	C:\WINDOWS\System32\USER32.dll
0x00007ffc226e0000 - 0x00007ffc22707000 	C:\WINDOWS\System32\win32u.dll
0x00007ffc24be0000 - 0x00007ffc24c0b000 	C:\WINDOWS\System32\GDI32.dll
0x00007ffc21c30000 - 0x00007ffc21d5c000 	C:\WINDOWS\System32\gdi32full.dll
0x00007ffbfda40000 - 0x00007ffbfdcd2000 	C:\WINDOWS\WinSxS\amd64_microsoft.windows.common-controls_6595b64144ccf1df_6.0.26100.8457_none_3e0b2faee331e92d\COMCTL32.dll
0x00007ffc21ee0000 - 0x00007ffc21f83000 	C:\WINDOWS\System32\msvcp_win.dll
0x00007ffc23cc0000 - 0x00007ffc23d69000 	C:\WINDOWS\System32\msvcrt.dll
0x00007ffc24b90000 - 0x00007ffc24bc2000 	C:\WINDOWS\System32\IMM32.DLL
0x00007ffc1cb50000 - 0x00007ffc1cb5c000 	c:\Users\Lenovo\.vscode\extensions\redhat.java-1.54.0-win32-x64\jre\21.0.10-win32-x86_64\bin\vcruntime140_1.dll
0x00007ffb8a070000 - 0x00007ffb8a0fd000 	c:\Users\Lenovo\.vscode\extensions\redhat.java-1.54.0-win32-x64\jre\21.0.10-win32-x86_64\bin\msvcp140.dll
0x00007ffad5ab0000 - 0x00007ffad6851000 	c:\Users\Lenovo\.vscode\extensions\redhat.java-1.54.0-win32-x64\jre\21.0.10-win32-x86_64\bin\server\jvm.dll
0x00007ffc24ad0000 - 0x00007ffc24b86000 	C:\WINDOWS\System32\ADVAPI32.dll
0x00007ffc23e90000 - 0x00007ffc23f37000 	C:\WINDOWS\System32\sechost.dll
0x00007ffc23d70000 - 0x00007ffc23e88000 	C:\WINDOWS\System32\RPCRT4.dll
0x00007ffc23c00000 - 0x00007ffc23c80000 	C:\WINDOWS\System32\WS2_32.dll
0x00007ffc21660000 - 0x00007ffc216be000 	C:\WINDOWS\SYSTEM32\POWRPROF.dll
0x00007ffc1cc20000 - 0x00007ffc1cc56000 	C:\WINDOWS\SYSTEM32\WINMM.dll
0x00007ffc19f70000 - 0x00007ffc19f7b000 	C:\WINDOWS\SYSTEM32\VERSION.dll
0x00007ffc21600000 - 0x00007ffc21614000 	C:\WINDOWS\SYSTEM32\UMPDC.dll
0x00007ffc209c0000 - 0x00007ffc209db000 	C:\WINDOWS\SYSTEM32\kernel.appcore.dll
0x00007ffc1cb10000 - 0x00007ffc1cb1a000 	c:\Users\Lenovo\.vscode\extensions\redhat.java-1.54.0-win32-x64\jre\21.0.10-win32-x86_64\bin\jimage.dll
0x00007ffc1f650000 - 0x00007ffc1f892000 	C:\WINDOWS\SYSTEM32\DBGHELP.DLL
0x00007ffc24db0000 - 0x00007ffc25133000 	C:\WINDOWS\System32\combase.dll
0x00007ffc239c0000 - 0x00007ffc23a99000 	C:\WINDOWS\System32\OLEAUT32.dll
0x00007ffc05ea0000 - 0x00007ffc05edb000 	C:\WINDOWS\SYSTEM32\dbgcore.DLL
0x00007ffc22050000 - 0x00007ffc220f8000 	C:\WINDOWS\System32\bcryptPrimitives.dll
0x00007ffc15fb0000 - 0x00007ffc15fbf000 	c:\Users\Lenovo\.vscode\extensions\redhat.java-1.54.0-win32-x64\jre\21.0.10-win32-x86_64\bin\instrument.dll
0x00007ffbfe630000 - 0x00007ffbfe650000 	c:\Users\Lenovo\.vscode\extensions\redhat.java-1.54.0-win32-x64\jre\21.0.10-win32-x86_64\bin\java.dll
0x00007ffc23f40000 - 0x00007ffc246ae000 	C:\WINDOWS\System32\SHELL32.dll
0x00007ffc22710000 - 0x00007ffc22f7c000 	C:\WINDOWS\System32\windows.storage.dll
0x00007ffc246c0000 - 0x00007ffc247b6000 	C:\WINDOWS\System32\SHCORE.dll
0x00007ffc24d40000 - 0x00007ffc24da6000 	C:\WINDOWS\System32\shlwapi.dll
0x00007ffc21b50000 - 0x00007ffc21b79000 	C:\WINDOWS\SYSTEM32\profapi.dll
0x00007ffbfcff0000 - 0x00007ffbfd008000 	c:\Users\Lenovo\.vscode\extensions\redhat.java-1.54.0-win32-x64\jre\21.0.10-win32-x86_64\bin\zip.dll
0x00007ffbfb130000 - 0x00007ffbfb140000 	C:\Users\Lenovo\.vscode\extensions\redhat.java-1.54.0-win32-x64\jre\21.0.10-win32-x86_64\bin\net.dll
0x00007ffc1a2d0000 - 0x00007ffc1a3f9000 	C:\WINDOWS\SYSTEM32\WINHTTP.dll
0x00007ffc20f30000 - 0x00007ffc20f9c000 	C:\WINDOWS\system32\mswsock.dll
0x00007ffbfb110000 - 0x00007ffbfb126000 	C:\Users\Lenovo\.vscode\extensions\redhat.java-1.54.0-win32-x64\jre\21.0.10-win32-x86_64\bin\nio.dll
0x00007ffbf97a0000 - 0x00007ffbf97b0000 	c:\Users\Lenovo\.vscode\extensions\redhat.java-1.54.0-win32-x64\jre\21.0.10-win32-x86_64\bin\verify.dll
0x00007ffbe68e0000 - 0x00007ffbe6925000 	C:\Users\Lenovo\AppData\Roaming\Code\User\globalStorage\redhat.java\1.54.0\config_win\org.eclipse.equinox.launcher\org.eclipse.equinox.launcher.win32.win32.x86_64_1.3.0.v20260203-2149\eclipse_11919.dll
0x00007ffc23820000 - 0x00007ffc239b7000 	C:\WINDOWS\System32\ole32.dll
0x00007ffc07600000 - 0x00007ffc0760a000 	C:\Users\Lenovo\.vscode\extensions\redhat.java-1.54.0-win32-x64\jre\21.0.10-win32-x86_64\bin\management.dll
0x00007ffbfd990000 - 0x00007ffbfd99c000 	C:\Users\Lenovo\.vscode\extensions\redhat.java-1.54.0-win32-x64\jre\21.0.10-win32-x86_64\bin\management_ext.dll
0x00007ffc24c10000 - 0x00007ffc24c18000 	C:\WINDOWS\System32\PSAPI.DLL

JVMTI agents:
c:\Users\Lenovo\.vscode\extensions\redhat.java-1.54.0-win32-x64\lombok\lombok-1.18.39-4050.jar path:c:\Users\Lenovo\.vscode\extensions\redhat.java-1.54.0-win32-x64\jre\21.0.10-win32-x86_64\bin\instrument.dll, loaded, initialized, instrumentlib options:none

dbghelp: loaded successfully - version: 4.0.5 - missing functions: none
symbol engine: initialized successfully - sym options: 0x614 - pdb path: .;c:\Users\Lenovo\.vscode\extensions\redhat.java-1.54.0-win32-x64\jre\21.0.10-win32-x86_64\bin;C:\WINDOWS\SYSTEM32;C:\WINDOWS\WinSxS\amd64_microsoft.windows.common-controls_6595b64144ccf1df_6.0.26100.8457_none_3e0b2faee331e92d;c:\Users\Lenovo\.vscode\extensions\redhat.java-1.54.0-win32-x64\jre\21.0.10-win32-x86_64\bin\server;C:\Users\Lenovo\AppData\Roaming\Code\User\globalStorage\redhat.java\1.54.0\config_win\org.eclipse.equinox.launcher\org.eclipse.equinox.launcher.win32.win32.x86_64_1.3.0.v20260203-2149

VM Arguments:
jvm_args: --add-modules=ALL-SYSTEM --add-opens=java.base/java.util=ALL-UNNAMED --add-opens=java.base/java.lang=ALL-UNNAMED --add-opens=java.base/sun.nio.fs=ALL-UNNAMED -Declipse.application=org.eclipse.jdt.ls.core.id1 -Dosgi.bundles.defaultStartLevel=4 -Declipse.product=org.eclipse.jdt.ls.core.product -Djava.import.generatesMetadataFilesAtProjectRoot=false -DDetectVMInstallationsJob.disabled=true -Dfile.encoding=utf8 -XX:+UseParallelGC -XX:GCTimeRatio=4 -XX:AdaptiveSizePolicyWeight=90 -Dsun.zip.disableMemoryMapping=true -Xmx2G -Xms100m -Xlog:disable -javaagent:c:\Users\Lenovo\.vscode\extensions\redhat.java-1.54.0-win32-x64\lombok\lombok-1.18.39-4050.jar -XX:+HeapDumpOnOutOfMemoryError -XX:HeapDumpPath=c:\Users\Lenovo\AppData\Roaming\Code\User\workspaceStorage\db63fe3c3f18f4a90f04ba189b111cf4\redhat.java -Daether.dependencyCollector.impl=bf 
java_command: c:\Users\Lenovo\.vscode\extensions\redhat.java-1.54.0-win32-x64\server\plugins\org.eclipse.equinox.launcher_1.7.100.v20251111-0406.jar -configuration c:\Users\Lenovo\AppData\Roaming\Code\User\globalStorage\redhat.java\1.54.0\config_win -data c:\Users\Lenovo\AppData\Roaming\Code\User\workspaceStorage\db63fe3c3f18f4a90f04ba189b111cf4\redhat.java\jdt_ws --pipe=\\.\pipe\lsp-8637e72e4e7c5fc73f72e89670ba6201-sock
java_class_path (initial): c:\Users\Lenovo\.vscode\extensions\redhat.java-1.54.0-win32-x64\server\plugins\org.eclipse.equinox.launcher_1.7.100.v20251111-0406.jar
Launcher Type: SUN_STANDARD

[Global flags]
    uintx AdaptiveSizePolicyWeight                 = 90                                        {product} {command line}
     intx CICompilerCount                          = 12                                        {product} {ergonomic}
    uintx GCTimeRatio                              = 4                                         {product} {command line}
     bool HeapDumpOnOutOfMemoryError               = true                                   {manageable} {command line}
    ccstr HeapDumpPath                             = c:\Users\Lenovo\AppData\Roaming\Code\User\workspaceStorage\db63fe3c3f18f4a90f04ba189b111cf4\redhat.java         {manageable} {command line}
   size_t InitialHeapSize                          = 104857600                                 {product} {command line}
   size_t MaxHeapSize                              = 2147483648                                {product} {command line}
   size_t MaxNewSize                               = 715653120                                 {product} {ergonomic}
   size_t MinHeapDeltaBytes                        = 524288                                    {product} {ergonomic}
   size_t MinHeapSize                              = 104857600                                 {product} {command line}
   size_t NewSize                                  = 34603008                                  {product} {ergonomic}
    uintx NonNMethodCodeHeapSize                   = 7602480                                {pd product} {ergonomic}
    uintx NonProfiledCodeHeapSize                  = 122027880                              {pd product} {ergonomic}
   size_t OldSize                                  = 70254592                                  {product} {ergonomic}
    uintx ProfiledCodeHeapSize                     = 122027880                              {pd product} {ergonomic}
    uintx ReservedCodeCacheSize                    = 251658240                              {pd product} {ergonomic}
     bool SegmentedCodeCache                       = true                                      {product} {ergonomic}
   size_t SoftMaxHeapSize                          = 2147483648                             {manageable} {ergonomic}
     bool UseCompressedOops                        = true                           {product lp64_product} {ergonomic}
     bool UseLargePagesIndividualAllocation        = false                                  {pd product} {ergonomic}
     bool UseParallelGC                            = true                                      {product} {command line}

Logging:
Log output configuration:
 #0: stdout all=off uptime,level,tags foldmultilines=false
 #1: stderr all=off uptime,level,tags foldmultilines=false

Release file:
JAVA_VERSION="21.0.10" 
MODULES="java.base java.compiler java.datatransfer java.xml java.prefs java.desktop java.instrument java.logging java.management java.security.sasl java.naming java.rmi java.management.rmi java.net.http java.scripting java.security.jgss java.transaction.xa java.sql java.sql.rowset java.xml.crypto java.se java.smartcardio jdk.accessibility jdk.internal.jvmstat jdk.attach jdk.charsets jdk.internal.opt jdk.zipfs jdk.compiler jdk.crypto.ec jdk.crypto.cryptoki jdk.crypto.mscapi jdk.dynalink jdk.internal.ed jdk.editpad jdk.hotspot.agent jdk.httpserver jdk.internal.le jdk.internal.vm.ci jdk.internal.vm.compiler jdk.internal.vm.compiler.management jdk.jartool jdk.javadoc jdk.jcmd jdk.management jdk.management.agent jdk.jconsole jdk.jdeps jdk.jdwp.agent jdk.jdi jdk.jfr jdk.jshell jdk.jsobject jdk.jstatd jdk.localedata jdk.management.jfr jdk.naming.dns jdk.naming.rmi jdk.net jdk.nio.mapmode jdk.random jdk.sctp jdk.security.auth jdk.security.jgss jdk.unsupported jdk.unsupported.desktop jdk.xml.dom" 

Environment Variables:
JAVA_HOME=D:\program
PATH=C:\Program Files\Common Files\Oracle\Java\javapath;C:\Program Files (x86)\VMware\VMware Workstation\bin\;C:\Windows\system32;C:\Windows;C:\Windows\System32\Wbem;C:\Windows\System32\WindowsPowerShell\v1.0\;C:\Windows\System32\OpenSSH\;C:\Program Files (x86)\NVIDIA Corporation\PhysX\Common;C:\Program Files\NVIDIA Corporation\NVIDIA NvDLISR;C:\Program Files\Bandizip\;C:\Program Files (x86)\Windows Kits\10\Windows Performance Toolkit\;C:\WINDOWS\system32;C:\WINDOWS;C:\WINDOWS\System32\Wbem;C:\WINDOWS\System32\WindowsPowerShell\v1.0\;C:\WINDOWS\System32\OpenSSH\;C:\Program Files\dotnet\;C:\Program Files\bin;D:\ffmpeg-master-latest-win64-gpl-shared\bin\ffmpeg.exe;D:\Program Files\;C:\Program Files\Git\cmd;D:\program\bin;D:\program\Scripts\;D:\program\;C:\Users\Lenovo\AppData\Local\Microsoft\WindowsApps;D:\Microsoft VS Code\bin;D:\CodeBlocks\MinGW\bin;C:\Users\Lenovo\Desktop\mingw64\bin;D:\apache-maven-3.9.15\bin;C:\Program Files\MySQL\MySQL Server 9.7\bin;C:\Users\Lenovo\AppData\Roaming\npm
USERNAME=Lenovo
OS=Windows_NT
PROCESSOR_IDENTIFIER=Intel64 Family 6 Model 183 Stepping 1, GenuineIntel
TMP=C:\Users\Lenovo\AppData\Local\Temp
TEMP=C:\Users\Lenovo\AppData\Local\Temp




Periodic native trim disabled

---------------  S Y S T E M  ---------------

OS:
 Windows 11 , 64 bit Build 26100 (10.0.26100.8328)
OS uptime: 8 days 19:56 hours

CPU: total 28 (initial active 28) (14 cores per cpu, 2 threads per core) family 6 model 183 stepping 1 microcode 0x129, cx8, cmov, fxsr, ht, mmx, 3dnowpref, sse, sse2, sse3, ssse3, sse4.1, sse4.2, popcnt, lzcnt, tsc, tscinvbit, avx, avx2, aes, erms, clmul, bmi1, bmi2, adx, sha, fma, vzeroupper, clflush, clflushopt, clwb, serialize, rdtscp, rdpid, fsrm, f16c, pku, cet_ibt, cet_ss
Processor Information for processor 0
  Max Mhz: 2100, Current Mhz: 2100, Mhz Limit: 2100
Processor Information for processor 1
  Max Mhz: 2100, Current Mhz: 2100, Mhz Limit: 2100
Processor Information for processor 2
  Max Mhz: 2100, Current Mhz: 2100, Mhz Limit: 2100
Processor Information for processor 3
  Max Mhz: 2100, Current Mhz: 2100, Mhz Limit: 2100
Processor Information for processor 4
  Max Mhz: 2100, Current Mhz: 2100, Mhz Limit: 2100
Processor Information for processor 5
  Max Mhz: 2100, Current Mhz: 2100, Mhz Limit: 2100
Processor Information for processor 6
  Max Mhz: 2100, Current Mhz: 2100, Mhz Limit: 2100
Processor Information for processor 7
  Max Mhz: 2100, Current Mhz: 2100, Mhz Limit: 2100
Processor Information for processor 8
  Max Mhz: 2100, Current Mhz: 2100, Mhz Limit: 2100
Processor Information for processor 9
  Max Mhz: 2100, Current Mhz: 2100, Mhz Limit: 2100
Processor Information for processor 10
  Max Mhz: 2100, Current Mhz: 2100, Mhz Limit: 2100
Processor Information for processor 11
  Max Mhz: 2100, Current Mhz: 2100, Mhz Limit: 2100
Processor Information for processor 12
  Max Mhz: 2100, Current Mhz: 2100, Mhz Limit: 2100
Processor Information for processor 13
  Max Mhz: 2100, Current Mhz: 2100, Mhz Limit: 2100
Processor Information for processor 14
  Max Mhz: 2100, Current Mhz: 2100, Mhz Limit: 2100
Processor Information for processor 15
  Max Mhz: 2100, Current Mhz: 2100, Mhz Limit: 2100
Processor Information for processor 16
  Max Mhz: 2100, Current Mhz: 2100, Mhz Limit: 2100
Processor Information for processor 17
  Max Mhz: 2100, Current Mhz: 2100, Mhz Limit: 2100
Processor Information for processor 18
  Max Mhz: 2100, Current Mhz: 2100, Mhz Limit: 2100
Processor Information for processor 19
  Max Mhz: 2100, Current Mhz: 2100, Mhz Limit: 2100
Processor Information for processor 20
  Max Mhz: 2100, Current Mhz: 2100, Mhz Limit: 2100
Processor Information for processor 21
  Max Mhz: 2100, Current Mhz: 1540, Mhz Limit: 2100
Processor Information for processor 22
  Max Mhz: 2100, Current Mhz: 2100, Mhz Limit: 2100
Processor Information for processor 23
  Max Mhz: 2100, Current Mhz: 2100, Mhz Limit: 2100
Processor Information for processor 24
  Max Mhz: 2100, Current Mhz: 2100, Mhz Limit: 2100
Processor Information for processor 25
  Max Mhz: 2100, Current Mhz: 1540, Mhz Limit: 2100
Processor Information for processor 26
  Max Mhz: 2100, Current Mhz: 1540, Mhz Limit: 2100
Processor Information for processor 27
  Max Mhz: 2100, Current Mhz: 2100, Mhz Limit: 2100

Memory: 4k page, system-wide physical 14043M (1093M free)
TotalPageFile size 57051M (AvailPageFile size 5M)
current process WorkingSet (physical memory assigned to process): 167M, peak: 167M
current process commit charge ("private bytes"): 335M, peak: 335M

vm_info: OpenJDK 64-Bit Server VM (21.0.10+7-LTS) for windows-amd64 JRE (21.0.10+7-LTS), built on 2026-01-20T00:00:00Z by "admin" with MS VC++ 17.12 (VS2022)

END.
